<?xml version="1.0" encoding="UTF-8"?>
<testsuite xmlns:xsi="http://www.w3.org/2001/XMLSchema-instance" xsi:noNamespaceSchemaLocation="https://maven.apache.org/surefire/maven-surefire-plugin/xsd/surefire-test-report.xsd" name="usuario.PostTest" time="0.397" tests="11" errors="0" skipped="0" failures="4">
  <properties>
    <property name="java.specification.version" value="18"/>
    <property name="sun.cpu.isalist" value="amd64"/>
    <property name="sun.jnu.encoding" value="Cp1252"/>
    <property name="java.class.path" value="C:\Users\beth_\eclipse-workspace\Challenge\target\test-classes;C:\Users\beth_\eclipse-workspace\Challenge\target\classes;C:\Users\beth_\.m2\repository\org\junit\jupiter\junit-jupiter-engine\5.9.0\junit-jupiter-engine-5.9.0.jar;C:\Users\beth_\.m2\repository\org\junit\platform\junit-platform-engine\1.9.0\junit-platform-engine-1.9.0.jar;C:\Users\beth_\.m2\repository\org\opentest4j\opentest4j\1.2.0\opentest4j-1.2.0.jar;C:\Users\beth_\.m2\repository\org\junit\platform\junit-platform-commons\1.9.0\junit-platform-commons-1.9.0.jar;C:\Users\beth_\.m2\repository\org\junit\jupiter\junit-jupiter-api\5.9.0\junit-jupiter-api-5.9.0.jar;C:\Users\beth_\.m2\repository\org\apiguardian\apiguardian-api\1.1.2\apiguardian-api-1.1.2.jar;C:\Users\beth_\.m2\repository\io\rest-assured\rest-assured\5.2.0\rest-assured-5.2.0.jar;C:\Users\beth_\.m2\repository\org\apache\groovy\groovy\4.0.1\groovy-4.0.1.jar;C:\Users\beth_\.m2\repository\org\apache\groovy\groovy-xml\4.0.1\groovy-xml-4.0.1.jar;C:\Users\beth_\.m2\repository\org\apache\httpcomponents\httpclient\4.5.13\httpclient-4.5.13.jar;C:\Users\beth_\.m2\repository\org\apache\httpcomponents\httpcore\4.4.13\httpcore-4.4.13.jar;C:\Users\beth_\.m2\repository\commons-logging\commons-logging\1.2\commons-logging-1.2.jar;C:\Users\beth_\.m2\repository\commons-codec\commons-codec\1.11\commons-codec-1.11.jar;C:\Users\beth_\.m2\repository\org\apache\httpcomponents\httpmime\4.5.13\httpmime-4.5.13.jar;C:\Users\beth_\.m2\repository\org\hamcrest\hamcrest\2.1\hamcrest-2.1.jar;C:\Users\beth_\.m2\repository\org\ccil\cowan\tagsoup\tagsoup\1.2.1\tagsoup-1.2.1.jar;C:\Users\beth_\.m2\repository\io\rest-assured\json-path\5.2.0\json-path-5.2.0.jar;C:\Users\beth_\.m2\repository\org\apache\groovy\groovy-json\4.0.1\groovy-json-4.0.1.jar;C:\Users\beth_\.m2\repository\io\rest-assured\rest-assured-common\5.2.0\rest-assured-common-5.2.0.jar;C:\Users\beth_\.m2\repository\io\rest-assured\xml-path\5.2.0\xml-path-5.2.0.jar;C:\Users\beth_\.m2\repository\com\google\code\gson\gson\2.6.2\gson-2.6.2.jar;C:\Users\beth_\.m2\repository\org\projectlombok\lombok\1.18.24\lombok-1.18.24.jar;C:\Users\beth_\.m2\repository\com\fasterxml\jackson\core\jackson-core\2.14.0-rc3\jackson-core-2.14.0-rc3.jar;C:\Users\beth_\.m2\repository\com\fasterxml\jackson\core\jackson-databind\2.14.0-rc3\jackson-databind-2.14.0-rc3.jar;C:\Users\beth_\.m2\repository\com\fasterxml\jackson\core\jackson-annotations\2.14.0-rc3\jackson-annotations-2.14.0-rc3.jar;C:\Users\beth_\.m2\repository\com\github\javafaker\javafaker\1.0.2\javafaker-1.0.2.jar;C:\Users\beth_\.m2\repository\org\apache\commons\commons-lang3\3.5\commons-lang3-3.5.jar;C:\Users\beth_\.m2\repository\org\yaml\snakeyaml\1.23\snakeyaml-1.23-android.jar;C:\Users\beth_\.m2\repository\com\github\mifmif\generex\1.0.2\generex-1.0.2.jar;C:\Users\beth_\.m2\repository\dk\brics\automaton\automaton\1.11-8\automaton-1.11-8.jar;"/>
    <property name="java.vm.vendor" value="Oracle Corporation"/>
    <property name="sun.arch.data.model" value="64"/>
    <property name="user.variant" value=""/>
    <property name="java.vendor.url" value="https://java.oracle.com/"/>
    <property name="user.timezone" value="America/Sao_Paulo"/>
    <property name="os.name" value="Windows 10"/>
    <property name="java.vm.specification.version" value="18"/>
    <property name="sun.java.launcher" value="SUN_STANDARD"/>
    <property name="user.country" value="BR"/>
    <property name="sun.boot.library.path" value="C:\Program Files\Java\jdk-18.0.2.1\bin"/>
    <property name="sun.java.command" value="C:\Users\beth_\AppData\Local\Temp\surefire10041431344147171579\surefirebooter16355983452507110031.jar C:\Users\beth_\AppData\Local\Temp\surefire10041431344147171579 2022-11-04T14-16-10_370-jvmRun1 surefire15883536090977351905tmp surefire_04211058627995856600tmp"/>
    <property name="jdk.debug" value="release"/>
    <property name="surefire.test.class.path" value="C:\Users\beth_\eclipse-workspace\Challenge\target\test-classes;C:\Users\beth_\eclipse-workspace\Challenge\target\classes;C:\Users\beth_\.m2\repository\org\junit\jupiter\junit-jupiter-engine\5.9.0\junit-jupiter-engine-5.9.0.jar;C:\Users\beth_\.m2\repository\org\junit\platform\junit-platform-engine\1.9.0\junit-platform-engine-1.9.0.jar;C:\Users\beth_\.m2\repository\org\opentest4j\opentest4j\1.2.0\opentest4j-1.2.0.jar;C:\Users\beth_\.m2\repository\org\junit\platform\junit-platform-commons\1.9.0\junit-platform-commons-1.9.0.jar;C:\Users\beth_\.m2\repository\org\junit\jupiter\junit-jupiter-api\5.9.0\junit-jupiter-api-5.9.0.jar;C:\Users\beth_\.m2\repository\org\apiguardian\apiguardian-api\1.1.2\apiguardian-api-1.1.2.jar;C:\Users\beth_\.m2\repository\io\rest-assured\rest-assured\5.2.0\rest-assured-5.2.0.jar;C:\Users\beth_\.m2\repository\org\apache\groovy\groovy\4.0.1\groovy-4.0.1.jar;C:\Users\beth_\.m2\repository\org\apache\groovy\groovy-xml\4.0.1\groovy-xml-4.0.1.jar;C:\Users\beth_\.m2\repository\org\apache\httpcomponents\httpclient\4.5.13\httpclient-4.5.13.jar;C:\Users\beth_\.m2\repository\org\apache\httpcomponents\httpcore\4.4.13\httpcore-4.4.13.jar;C:\Users\beth_\.m2\repository\commons-logging\commons-logging\1.2\commons-logging-1.2.jar;C:\Users\beth_\.m2\repository\commons-codec\commons-codec\1.11\commons-codec-1.11.jar;C:\Users\beth_\.m2\repository\org\apache\httpcomponents\httpmime\4.5.13\httpmime-4.5.13.jar;C:\Users\beth_\.m2\repository\org\hamcrest\hamcrest\2.1\hamcrest-2.1.jar;C:\Users\beth_\.m2\repository\org\ccil\cowan\tagsoup\tagsoup\1.2.1\tagsoup-1.2.1.jar;C:\Users\beth_\.m2\repository\io\rest-assured\json-path\5.2.0\json-path-5.2.0.jar;C:\Users\beth_\.m2\repository\org\apache\groovy\groovy-json\4.0.1\groovy-json-4.0.1.jar;C:\Users\beth_\.m2\repository\io\rest-assured\rest-assured-common\5.2.0\rest-assured-common-5.2.0.jar;C:\Users\beth_\.m2\repository\io\rest-assured\xml-path\5.2.0\xml-path-5.2.0.jar;C:\Users\beth_\.m2\repository\com\google\code\gson\gson\2.6.2\gson-2.6.2.jar;C:\Users\beth_\.m2\repository\org\projectlombok\lombok\1.18.24\lombok-1.18.24.jar;C:\Users\beth_\.m2\repository\com\fasterxml\jackson\core\jackson-core\2.14.0-rc3\jackson-core-2.14.0-rc3.jar;C:\Users\beth_\.m2\repository\com\fasterxml\jackson\core\jackson-databind\2.14.0-rc3\jackson-databind-2.14.0-rc3.jar;C:\Users\beth_\.m2\repository\com\fasterxml\jackson\core\jackson-annotations\2.14.0-rc3\jackson-annotations-2.14.0-rc3.jar;C:\Users\beth_\.m2\repository\com\github\javafaker\javafaker\1.0.2\javafaker-1.0.2.jar;C:\Users\beth_\.m2\repository\org\apache\commons\commons-lang3\3.5\commons-lang3-3.5.jar;C:\Users\beth_\.m2\repository\org\yaml\snakeyaml\1.23\snakeyaml-1.23-android.jar;C:\Users\beth_\.m2\repository\com\github\mifmif\generex\1.0.2\generex-1.0.2.jar;C:\Users\beth_\.m2\repository\dk\brics\automaton\automaton\1.11-8\automaton-1.11-8.jar;"/>
    <property name="sun.cpu.endian" value="little"/>
    <property name="user.home" value="C:\Users\beth_"/>
    <property name="user.language" value="pt"/>
    <property name="java.specification.vendor" value="Oracle Corporation"/>
    <property name="java.version.date" value="2022-08-18"/>
    <property name="java.home" value="C:\Program Files\Java\jdk-18.0.2.1"/>
    <property name="file.separator" value="\"/>
    <property name="basedir" value="C:\Users\beth_\eclipse-workspace\Challenge"/>
    <property name="java.vm.compressedOopsMode" value="32-bit"/>
    <property name="line.separator" value="&#10;"/>
    <property name="java.vm.specification.vendor" value="Oracle Corporation"/>
    <property name="java.specification.name" value="Java Platform API Specification"/>
    <property name="surefire.real.class.path" value="C:\Users\beth_\AppData\Local\Temp\surefire10041431344147171579\surefirebooter16355983452507110031.jar"/>
    <property name="user.script" value=""/>
    <property name="sun.management.compiler" value="HotSpot 64-Bit Tiered Compilers"/>
    <property name="java.runtime.version" value="18.0.2.1+1-1"/>
    <property name="user.name" value="beth_"/>
    <property name="path.separator" value=";"/>
    <property name="os.version" value="10.0"/>
    <property name="java.runtime.name" value="Java(TM) SE Runtime Environment"/>
    <property name="file.encoding" value="UTF-8"/>
    <property name="java.vm.name" value="Java HotSpot(TM) 64-Bit Server VM"/>
    <property name="localRepository" value="C:\Users\beth_\.m2\repository"/>
    <property name="java.vendor.url.bug" value="https://bugreport.java.com/bugreport/"/>
    <property name="java.io.tmpdir" value="C:\Users\beth_\AppData\Local\Temp\"/>
    <property name="java.version" value="18.0.2.1"/>
    <property name="user.dir" value="C:\Users\beth_\eclipse-workspace\Challenge"/>
    <property name="os.arch" value="amd64"/>
    <property name="java.vm.specification.name" value="Java Virtual Machine Specification"/>
    <property name="sun.os.patch.level" value=""/>
    <property name="native.encoding" value="Cp1252"/>
    <property name="java.library.path" value="C:\Program Files\Java\jdk-18.0.2.1\bin;C:\WINDOWS\Sun\Java\bin;C:\WINDOWS\system32;C:\WINDOWS;C:\Program Files\Common Files\Oracle\Java\javapath;C:\Program Files\MongoDB\Server\6.0\bin;C:\WINDOWS\system32;C:\WINDOWS;C:\WINDOWS\System32\Wbem;C:\WINDOWS\System32\WindowsPowerShell\v1.0\;C:\WINDOWS\System32\OpenSSH\;C:\Program Files\Git\cmd;C:\Program Files (x86)\dotnet\;C:\Users\beth_\Downloads\mongodb-database-tools-windows-x86_64-100.6.0\mongodb-database-tools-windows-x86_64-100.6.0\bin;C:\Program Files\nodejs\;C:\Program Files\Java\jdk-18.0.2.1\bin;C:\apache-maven-3.8.6\bin;C:\Program Files\MongoDB\Server\6.0\bin;C:\Users\beth_\AppData\Roaming\npm;C:\Users\beth_\AppData\Local\Programs\Microsoft VS Code\bin;."/>
    <property name="java.vm.info" value="mixed mode, sharing"/>
    <property name="java.vendor" value="Oracle Corporation"/>
    <property name="java.vm.version" value="18.0.2.1+1-1"/>
    <property name="sun.io.unicode.encoding" value="UnicodeLittle"/>
    <property name="java.class.version" value="62.0"/>
  </properties>
  <testcase name="CriarUsuárioAdmEmBranco" classname="usuario.PostTest" time="0.035"/>
  <testcase name="CriarUsuarioComGmail" classname="usuario.PostTest" time="0.04">
    <failure message="expected: &lt;400&gt; but was: &lt;201&gt;" type="org.opentest4j.AssertionFailedError"><![CDATA[org.opentest4j.AssertionFailedError: expected: <400> but was: <201>
	at usuario.PostTest.CriarUsuarioComGmail(PostTest.java:238)
]]></failure>
    <system-out><![CDATA[{
    "message": "Cadastro realizado com sucesso",
    "_id": "4PAZEroLbnc09LHC"
}
HTTP/1.1 201 Created
{
    "message": "Registro excluído com sucesso"
}
HTTP/1.1 200 OK
]]></system-out>
  </testcase>
  <testcase name="CriarUsuárioEmailEmBranco" classname="usuario.PostTest" time="0.028"/>
  <testcase name="SenhaAbaixoDe5" classname="usuario.PostTest" time="0.03">
    <failure message="expected: &lt;400&gt; but was: &lt;201&gt;" type="org.opentest4j.AssertionFailedError"><![CDATA[org.opentest4j.AssertionFailedError: expected: <400> but was: <201>
	at usuario.PostTest.SenhaAbaixoDe5(PostTest.java:319)
]]></failure>
    <system-out><![CDATA[{
    "message": "Cadastro realizado com sucesso",
    "_id": "lII6XJXaV8nK9cUz"
}
HTTP/1.1 201 Created
{
    "message": "Registro excluído com sucesso"
}
HTTP/1.1 200 OK
]]></system-out>
  </testcase>
  <testcase name="CriarUsuárioJaExistente" classname="usuario.PostTest" time="0.078"/>
  <testcase name="SenhaAcimaDe10" classname="usuario.PostTest" time="0.041">
    <failure message="expected: &lt;400&gt; but was: &lt;201&gt;" type="org.opentest4j.AssertionFailedError"><![CDATA[org.opentest4j.AssertionFailedError: expected: <400> but was: <201>
	at usuario.PostTest.SenhaAcimaDe10(PostTest.java:345)
]]></failure>
    <system-out><![CDATA[{
    "message": "Cadastro realizado com sucesso",
    "_id": "UuntVppMvu7J5CB6"
}
HTTP/1.1 201 Created
{
    "message": "Registro excluído com sucesso"
}
HTTP/1.1 200 OK
]]></system-out>
  </testcase>
  <testcase name="CriarUsuarioComHotmail" classname="usuario.PostTest" time="0.033">
    <failure message="expected: &lt;400&gt; but was: &lt;201&gt;" type="org.opentest4j.AssertionFailedError"><![CDATA[org.opentest4j.AssertionFailedError: expected: <400> but was: <201>
	at usuario.PostTest.CriarUsuarioComHotmail(PostTest.java:263)
]]></failure>
    <system-out><![CDATA[{
    "message": "Cadastro realizado com sucesso",
    "_id": "WDpio0iY9beP5Tog"
}
HTTP/1.1 201 Created
{
    "message": "Registro excluído com sucesso"
}
HTTP/1.1 200 OK
]]></system-out>
  </testcase>
  <testcase name="CriarUsuárioPasswordEmBranco" classname="usuario.PostTest" time="0.034"/>
  <testcase name="CriarUsuárioNomeEmBranco" classname="usuario.PostTest" time="0.026"/>
  <testcase name="CriarUsuário" classname="usuario.PostTest" time="0.022"/>
  <testcase name="CriarUsuarioComEmailInvalido" classname="usuario.PostTest" time="0.027"/>
</testsuite>