<?xml version="1.0" encoding="UTF-8"?>
<testsuite xmlns:xsi="http://www.w3.org/2001/XMLSchema-instance" xsi:noNamespaceSchemaLocation="https://maven.apache.org/surefire/maven-surefire-plugin/xsd/surefire-test-report-3.0.xsd" version="3.0" name="produto.ProdutosGetTest" time="6.695" tests="3" errors="0" skipped="0" failures="0">
  <properties>
    <property name="java.specification.version" value="18"/>
    <property name="sun.cpu.isalist" value="amd64"/>
    <property name="sun.jnu.encoding" value="Cp1252"/>
    <property name="java.class.path" value="C:\Users\beth_\eclipse-workspace\Challenge\target\test-classes;C:\Users\beth_\eclipse-workspace\Challenge\target\classes;C:\Users\beth_\.m2\repository\org\junit\jupiter\junit-jupiter-engine\5.9.0\junit-jupiter-engine-5.9.0.jar;C:\Users\beth_\.m2\repository\org\junit\platform\junit-platform-engine\1.9.0\junit-platform-engine-1.9.0.jar;C:\Users\beth_\.m2\repository\org\opentest4j\opentest4j\1.2.0\opentest4j-1.2.0.jar;C:\Users\beth_\.m2\repository\org\junit\platform\junit-platform-commons\1.9.0\junit-platform-commons-1.9.0.jar;C:\Users\beth_\.m2\repository\org\junit\jupiter\junit-jupiter-api\5.9.0\junit-jupiter-api-5.9.0.jar;C:\Users\beth_\.m2\repository\org\apiguardian\apiguardian-api\1.1.2\apiguardian-api-1.1.2.jar;C:\Users\beth_\.m2\repository\io\rest-assured\rest-assured\5.1.1\rest-assured-5.1.1.jar;C:\Users\beth_\.m2\repository\org\apache\groovy\groovy\4.0.1\groovy-4.0.1.jar;C:\Users\beth_\.m2\repository\org\apache\groovy\groovy-xml\4.0.1\groovy-xml-4.0.1.jar;C:\Users\beth_\.m2\repository\org\apache\httpcomponents\httpclient\4.5.13\httpclient-4.5.13.jar;C:\Users\beth_\.m2\repository\org\apache\httpcomponents\httpcore\4.4.13\httpcore-4.4.13.jar;C:\Users\beth_\.m2\repository\commons-logging\commons-logging\1.2\commons-logging-1.2.jar;C:\Users\beth_\.m2\repository\commons-codec\commons-codec\1.11\commons-codec-1.11.jar;C:\Users\beth_\.m2\repository\org\apache\httpcomponents\httpmime\4.5.13\httpmime-4.5.13.jar;C:\Users\beth_\.m2\repository\org\hamcrest\hamcrest\2.1\hamcrest-2.1.jar;C:\Users\beth_\.m2\repository\org\ccil\cowan\tagsoup\tagsoup\1.2.1\tagsoup-1.2.1.jar;C:\Users\beth_\.m2\repository\io\rest-assured\json-path\5.1.1\json-path-5.1.1.jar;C:\Users\beth_\.m2\repository\org\apache\groovy\groovy-json\4.0.1\groovy-json-4.0.1.jar;C:\Users\beth_\.m2\repository\io\rest-assured\rest-assured-common\5.1.1\rest-assured-common-5.1.1.jar;C:\Users\beth_\.m2\repository\io\rest-assured\xml-path\5.1.1\xml-path-5.1.1.jar;C:\Users\beth_\.m2\repository\io\rest-assured\json-schema-validator\5.1.1\json-schema-validator-5.1.1.jar;C:\Users\beth_\.m2\repository\com\github\java-json-tools\json-schema-validator\2.2.14\json-schema-validator-2.2.14.jar;C:\Users\beth_\.m2\repository\com\github\java-json-tools\jackson-coreutils-equivalence\1.0\jackson-coreutils-equivalence-1.0.jar;C:\Users\beth_\.m2\repository\com\github\java-json-tools\jackson-coreutils\2.0\jackson-coreutils-2.0.jar;C:\Users\beth_\.m2\repository\com\github\java-json-tools\msg-simple\1.2\msg-simple-1.2.jar;C:\Users\beth_\.m2\repository\com\github\java-json-tools\btf\1.3\btf-1.3.jar;C:\Users\beth_\.m2\repository\com\github\java-json-tools\json-schema-core\1.2.14\json-schema-core-1.2.14.jar;C:\Users\beth_\.m2\repository\com\github\java-json-tools\uri-template\0.10\uri-template-0.10.jar;C:\Users\beth_\.m2\repository\org\mozilla\rhino\1.7.7.2\rhino-1.7.7.2.jar;C:\Users\beth_\.m2\repository\com\sun\mail\mailapi\1.6.2\mailapi-1.6.2.jar;C:\Users\beth_\.m2\repository\joda-time\joda-time\2.10.5\joda-time-2.10.5.jar;C:\Users\beth_\.m2\repository\com\googlecode\libphonenumber\libphonenumber\8.11.1\libphonenumber-8.11.1.jar;C:\Users\beth_\.m2\repository\com\google\code\findbugs\jsr305\3.0.2\jsr305-3.0.2.jar;C:\Users\beth_\.m2\repository\com\fasterxml\jackson\core\jackson-core\2.13.3\jackson-core-2.13.3.jar;C:\Users\beth_\.m2\repository\com\fasterxml\jackson\core\jackson-databind\2.13.3\jackson-databind-2.13.3.jar;C:\Users\beth_\.m2\repository\com\fasterxml\jackson\core\jackson-annotations\2.13.3\jackson-annotations-2.13.3.jar;C:\Users\beth_\.m2\repository\com\github\javafaker\javafaker\1.0.2\javafaker-1.0.2.jar;C:\Users\beth_\.m2\repository\org\apache\commons\commons-lang3\3.5\commons-lang3-3.5.jar;C:\Users\beth_\.m2\repository\org\yaml\snakeyaml\1.23\snakeyaml-1.23-android.jar;C:\Users\beth_\.m2\repository\com\github\mifmif\generex\1.0.2\generex-1.0.2.jar;C:\Users\beth_\.m2\repository\dk\brics\automaton\automaton\1.11-8\automaton-1.11-8.jar;C:\Users\beth_\.m2\repository\org\projectlombok\lombok\1.18.24\lombok-1.18.24.jar;C:\Users\beth_\.m2\repository\com\github\tomakehurst\wiremock-jre8\2.33.2\wiremock-jre8-2.33.2.jar;C:\Users\beth_\.m2\repository\org\eclipse\jetty\jetty-server\9.4.46.v20220331\jetty-server-9.4.46.v20220331.jar;C:\Users\beth_\.m2\repository\javax\servlet\javax.servlet-api\3.1.0\javax.servlet-api-3.1.0.jar;C:\Users\beth_\.m2\repository\org\eclipse\jetty\jetty-http\9.4.46.v20220331\jetty-http-9.4.46.v20220331.jar;C:\Users\beth_\.m2\repository\org\eclipse\jetty\jetty-io\9.4.46.v20220331\jetty-io-9.4.46.v20220331.jar;C:\Users\beth_\.m2\repository\org\eclipse\jetty\jetty-servlet\9.4.46.v20220331\jetty-servlet-9.4.46.v20220331.jar;C:\Users\beth_\.m2\repository\org\eclipse\jetty\jetty-security\9.4.46.v20220331\jetty-security-9.4.46.v20220331.jar;C:\Users\beth_\.m2\repository\org\eclipse\jetty\jetty-util-ajax\9.4.46.v20220331\jetty-util-ajax-9.4.46.v20220331.jar;C:\Users\beth_\.m2\repository\org\eclipse\jetty\jetty-servlets\9.4.46.v20220331\jetty-servlets-9.4.46.v20220331.jar;C:\Users\beth_\.m2\repository\org\eclipse\jetty\jetty-continuation\9.4.46.v20220331\jetty-continuation-9.4.46.v20220331.jar;C:\Users\beth_\.m2\repository\org\eclipse\jetty\jetty-util\9.4.46.v20220331\jetty-util-9.4.46.v20220331.jar;C:\Users\beth_\.m2\repository\org\eclipse\jetty\jetty-webapp\9.4.46.v20220331\jetty-webapp-9.4.46.v20220331.jar;C:\Users\beth_\.m2\repository\org\eclipse\jetty\jetty-xml\9.4.46.v20220331\jetty-xml-9.4.46.v20220331.jar;C:\Users\beth_\.m2\repository\org\eclipse\jetty\jetty-proxy\9.4.46.v20220331\jetty-proxy-9.4.46.v20220331.jar;C:\Users\beth_\.m2\repository\org\eclipse\jetty\jetty-client\9.4.46.v20220331\jetty-client-9.4.46.v20220331.jar;C:\Users\beth_\.m2\repository\org\eclipse\jetty\http2\http2-server\9.4.46.v20220331\http2-server-9.4.46.v20220331.jar;C:\Users\beth_\.m2\repository\org\eclipse\jetty\http2\http2-common\9.4.46.v20220331\http2-common-9.4.46.v20220331.jar;C:\Users\beth_\.m2\repository\org\eclipse\jetty\http2\http2-hpack\9.4.46.v20220331\http2-hpack-9.4.46.v20220331.jar;C:\Users\beth_\.m2\repository\org\eclipse\jetty\jetty-alpn-server\9.4.46.v20220331\jetty-alpn-server-9.4.46.v20220331.jar;C:\Users\beth_\.m2\repository\org\eclipse\jetty\jetty-alpn-java-server\9.4.46.v20220331\jetty-alpn-java-server-9.4.46.v20220331.jar;C:\Users\beth_\.m2\repository\org\eclipse\jetty\jetty-alpn-openjdk8-server\9.4.46.v20220331\jetty-alpn-openjdk8-server-9.4.46.v20220331.jar;C:\Users\beth_\.m2\repository\org\eclipse\jetty\jetty-alpn-java-client\9.4.46.v20220331\jetty-alpn-java-client-9.4.46.v20220331.jar;C:\Users\beth_\.m2\repository\org\eclipse\jetty\jetty-alpn-client\9.4.46.v20220331\jetty-alpn-client-9.4.46.v20220331.jar;C:\Users\beth_\.m2\repository\org\eclipse\jetty\jetty-alpn-openjdk8-client\9.4.46.v20220331\jetty-alpn-openjdk8-client-9.4.46.v20220331.jar;C:\Users\beth_\.m2\repository\com\google\guava\guava\31.1-jre\guava-31.1-jre.jar;C:\Users\beth_\.m2\repository\com\google\guava\failureaccess\1.0.1\failureaccess-1.0.1.jar;C:\Users\beth_\.m2\repository\com\google\guava\listenablefuture\9999.0-empty-to-avoid-conflict-with-guava\listenablefuture-9999.0-empty-to-avoid-conflict-with-guava.jar;C:\Users\beth_\.m2\repository\org\checkerframework\checker-qual\3.12.0\checker-qual-3.12.0.jar;C:\Users\beth_\.m2\repository\com\google\errorprone\error_prone_annotations\2.11.0\error_prone_annotations-2.11.0.jar;C:\Users\beth_\.m2\repository\com\google\j2objc\j2objc-annotations\1.3\j2objc-annotations-1.3.jar;C:\Users\beth_\.m2\repository\org\apache\httpcomponents\client5\httpclient5\5.1.3\httpclient5-5.1.3.jar;C:\Users\beth_\.m2\repository\org\apache\httpcomponents\core5\httpcore5\5.1.3\httpcore5-5.1.3.jar;C:\Users\beth_\.m2\repository\org\apache\httpcomponents\core5\httpcore5-h2\5.1.3\httpcore5-h2-5.1.3.jar;C:\Users\beth_\.m2\repository\org\xmlunit\xmlunit-core\2.9.0\xmlunit-core-2.9.0.jar;C:\Users\beth_\.m2\repository\jakarta\xml\bind\jakarta.xml.bind-api\2.3.3\jakarta.xml.bind-api-2.3.3.jar;C:\Users\beth_\.m2\repository\jakarta\activation\jakarta.activation-api\1.2.2\jakarta.activation-api-1.2.2.jar;C:\Users\beth_\.m2\repository\org\xmlunit\xmlunit-legacy\2.9.0\xmlunit-legacy-2.9.0.jar;C:\Users\beth_\.m2\repository\org\xmlunit\xmlunit-placeholders\2.9.0\xmlunit-placeholders-2.9.0.jar;C:\Users\beth_\.m2\repository\net\javacrumbs\json-unit\json-unit-core\2.33.0\json-unit-core-2.33.0.jar;C:\Users\beth_\.m2\repository\org\hamcrest\hamcrest-core\2.2\hamcrest-core-2.2.jar;C:\Users\beth_\.m2\repository\com\jayway\jsonpath\json-path\2.7.0\json-path-2.7.0.jar;C:\Users\beth_\.m2\repository\net\minidev\json-smart\2.4.7\json-smart-2.4.7.jar;C:\Users\beth_\.m2\repository\net\minidev\accessors-smart\2.4.7\accessors-smart-2.4.7.jar;C:\Users\beth_\.m2\repository\org\ow2\asm\asm\9.3\asm-9.3.jar;C:\Users\beth_\.m2\repository\net\sf\jopt-simple\jopt-simple\5.0.4\jopt-simple-5.0.4.jar;C:\Users\beth_\.m2\repository\com\github\jknack\handlebars\4.3.0\handlebars-4.3.0.jar;C:\Users\beth_\.m2\repository\com\github\jknack\handlebars-helpers\4.3.0\handlebars-helpers-4.3.0.jar;C:\Users\beth_\.m2\repository\commons-fileupload\commons-fileupload\1.4\commons-fileupload-1.4.jar;C:\Users\beth_\.m2\repository\commons-io\commons-io\2.11.0\commons-io-2.11.0.jar;C:\Users\beth_\.m2\repository\io\qameta\allure\allure-junit5\2.18.1\allure-junit5-2.18.1.jar;C:\Users\beth_\.m2\repository\io\qameta\allure\allure-junit-platform\2.18.1\allure-junit-platform-2.18.1.jar;C:\Users\beth_\.m2\repository\io\qameta\allure\allure-java-commons\2.18.1\allure-java-commons-2.18.1.jar;C:\Users\beth_\.m2\repository\io\qameta\allure\allure-model\2.18.1\allure-model-2.18.1.jar;C:\Users\beth_\.m2\repository\io\qameta\allure\allure-test-filter\2.18.1\allure-test-filter-2.18.1.jar;C:\Users\beth_\.m2\repository\org\junit\platform\junit-platform-launcher\1.8.2\junit-platform-launcher-1.8.2.jar;C:\Users\beth_\.m2\repository\org\slf4j\slf4j-api\1.7.36\slf4j-api-1.7.36.jar;C:\Users\beth_\.m2\repository\org\slf4j\slf4j-simple\1.7.36\slf4j-simple-1.7.36.jar;"/>
    <property name="java.vm.vendor" value="Oracle Corporation"/>
    <property name="sun.arch.data.model" value="64"/>
    <property name="user.variant" value=""/>
    <property name="java.vendor.url" value="https://java.oracle.com/"/>
    <property name="user.timezone" value="America/Sao_Paulo"/>
    <property name="os.name" value="Windows 10"/>
    <property name="java.vm.specification.version" value="18"/>
    <property name="sun.java.launcher" value="SUN_STANDARD"/>
    <property name="user.country" value="BR"/>
    <property name="sun.boot.library.path" value="C:\Program Files\Java\jdk-18.0.2.1\bin"/>
    <property name="sun.java.command" value="C:\Users\beth_\AppData\Local\Temp\surefire1825742368006508287\surefirebooter-20221118073202888_3.jar C:\Users\beth_\AppData\Local\Temp\surefire1825742368006508287 2022-11-18T07-32-02_636-jvmRun1 surefire-20221118073202888_1tmp surefire_0-20221118073202888_2tmp"/>
    <property name="jdk.debug" value="release"/>
    <property name="surefire.test.class.path" value="C:\Users\beth_\eclipse-workspace\Challenge\target\test-classes;C:\Users\beth_\eclipse-workspace\Challenge\target\classes;C:\Users\beth_\.m2\repository\org\junit\jupiter\junit-jupiter-engine\5.9.0\junit-jupiter-engine-5.9.0.jar;C:\Users\beth_\.m2\repository\org\junit\platform\junit-platform-engine\1.9.0\junit-platform-engine-1.9.0.jar;C:\Users\beth_\.m2\repository\org\opentest4j\opentest4j\1.2.0\opentest4j-1.2.0.jar;C:\Users\beth_\.m2\repository\org\junit\platform\junit-platform-commons\1.9.0\junit-platform-commons-1.9.0.jar;C:\Users\beth_\.m2\repository\org\junit\jupiter\junit-jupiter-api\5.9.0\junit-jupiter-api-5.9.0.jar;C:\Users\beth_\.m2\repository\org\apiguardian\apiguardian-api\1.1.2\apiguardian-api-1.1.2.jar;C:\Users\beth_\.m2\repository\io\rest-assured\rest-assured\5.1.1\rest-assured-5.1.1.jar;C:\Users\beth_\.m2\repository\org\apache\groovy\groovy\4.0.1\groovy-4.0.1.jar;C:\Users\beth_\.m2\repository\org\apache\groovy\groovy-xml\4.0.1\groovy-xml-4.0.1.jar;C:\Users\beth_\.m2\repository\org\apache\httpcomponents\httpclient\4.5.13\httpclient-4.5.13.jar;C:\Users\beth_\.m2\repository\org\apache\httpcomponents\httpcore\4.4.13\httpcore-4.4.13.jar;C:\Users\beth_\.m2\repository\commons-logging\commons-logging\1.2\commons-logging-1.2.jar;C:\Users\beth_\.m2\repository\commons-codec\commons-codec\1.11\commons-codec-1.11.jar;C:\Users\beth_\.m2\repository\org\apache\httpcomponents\httpmime\4.5.13\httpmime-4.5.13.jar;C:\Users\beth_\.m2\repository\org\hamcrest\hamcrest\2.1\hamcrest-2.1.jar;C:\Users\beth_\.m2\repository\org\ccil\cowan\tagsoup\tagsoup\1.2.1\tagsoup-1.2.1.jar;C:\Users\beth_\.m2\repository\io\rest-assured\json-path\5.1.1\json-path-5.1.1.jar;C:\Users\beth_\.m2\repository\org\apache\groovy\groovy-json\4.0.1\groovy-json-4.0.1.jar;C:\Users\beth_\.m2\repository\io\rest-assured\rest-assured-common\5.1.1\rest-assured-common-5.1.1.jar;C:\Users\beth_\.m2\repository\io\rest-assured\xml-path\5.1.1\xml-path-5.1.1.jar;C:\Users\beth_\.m2\repository\io\rest-assured\json-schema-validator\5.1.1\json-schema-validator-5.1.1.jar;C:\Users\beth_\.m2\repository\com\github\java-json-tools\json-schema-validator\2.2.14\json-schema-validator-2.2.14.jar;C:\Users\beth_\.m2\repository\com\github\java-json-tools\jackson-coreutils-equivalence\1.0\jackson-coreutils-equivalence-1.0.jar;C:\Users\beth_\.m2\repository\com\github\java-json-tools\jackson-coreutils\2.0\jackson-coreutils-2.0.jar;C:\Users\beth_\.m2\repository\com\github\java-json-tools\msg-simple\1.2\msg-simple-1.2.jar;C:\Users\beth_\.m2\repository\com\github\java-json-tools\btf\1.3\btf-1.3.jar;C:\Users\beth_\.m2\repository\com\github\java-json-tools\json-schema-core\1.2.14\json-schema-core-1.2.14.jar;C:\Users\beth_\.m2\repository\com\github\java-json-tools\uri-template\0.10\uri-template-0.10.jar;C:\Users\beth_\.m2\repository\org\mozilla\rhino\1.7.7.2\rhino-1.7.7.2.jar;C:\Users\beth_\.m2\repository\com\sun\mail\mailapi\1.6.2\mailapi-1.6.2.jar;C:\Users\beth_\.m2\repository\joda-time\joda-time\2.10.5\joda-time-2.10.5.jar;C:\Users\beth_\.m2\repository\com\googlecode\libphonenumber\libphonenumber\8.11.1\libphonenumber-8.11.1.jar;C:\Users\beth_\.m2\repository\com\google\code\findbugs\jsr305\3.0.2\jsr305-3.0.2.jar;C:\Users\beth_\.m2\repository\com\fasterxml\jackson\core\jackson-core\2.13.3\jackson-core-2.13.3.jar;C:\Users\beth_\.m2\repository\com\fasterxml\jackson\core\jackson-databind\2.13.3\jackson-databind-2.13.3.jar;C:\Users\beth_\.m2\repository\com\fasterxml\jackson\core\jackson-annotations\2.13.3\jackson-annotations-2.13.3.jar;C:\Users\beth_\.m2\repository\com\github\javafaker\javafaker\1.0.2\javafaker-1.0.2.jar;C:\Users\beth_\.m2\repository\org\apache\commons\commons-lang3\3.5\commons-lang3-3.5.jar;C:\Users\beth_\.m2\repository\org\yaml\snakeyaml\1.23\snakeyaml-1.23-android.jar;C:\Users\beth_\.m2\repository\com\github\mifmif\generex\1.0.2\generex-1.0.2.jar;C:\Users\beth_\.m2\repository\dk\brics\automaton\automaton\1.11-8\automaton-1.11-8.jar;C:\Users\beth_\.m2\repository\org\projectlombok\lombok\1.18.24\lombok-1.18.24.jar;C:\Users\beth_\.m2\repository\com\github\tomakehurst\wiremock-jre8\2.33.2\wiremock-jre8-2.33.2.jar;C:\Users\beth_\.m2\repository\org\eclipse\jetty\jetty-server\9.4.46.v20220331\jetty-server-9.4.46.v20220331.jar;C:\Users\beth_\.m2\repository\javax\servlet\javax.servlet-api\3.1.0\javax.servlet-api-3.1.0.jar;C:\Users\beth_\.m2\repository\org\eclipse\jetty\jetty-http\9.4.46.v20220331\jetty-http-9.4.46.v20220331.jar;C:\Users\beth_\.m2\repository\org\eclipse\jetty\jetty-io\9.4.46.v20220331\jetty-io-9.4.46.v20220331.jar;C:\Users\beth_\.m2\repository\org\eclipse\jetty\jetty-servlet\9.4.46.v20220331\jetty-servlet-9.4.46.v20220331.jar;C:\Users\beth_\.m2\repository\org\eclipse\jetty\jetty-security\9.4.46.v20220331\jetty-security-9.4.46.v20220331.jar;C:\Users\beth_\.m2\repository\org\eclipse\jetty\jetty-util-ajax\9.4.46.v20220331\jetty-util-ajax-9.4.46.v20220331.jar;C:\Users\beth_\.m2\repository\org\eclipse\jetty\jetty-servlets\9.4.46.v20220331\jetty-servlets-9.4.46.v20220331.jar;C:\Users\beth_\.m2\repository\org\eclipse\jetty\jetty-continuation\9.4.46.v20220331\jetty-continuation-9.4.46.v20220331.jar;C:\Users\beth_\.m2\repository\org\eclipse\jetty\jetty-util\9.4.46.v20220331\jetty-util-9.4.46.v20220331.jar;C:\Users\beth_\.m2\repository\org\eclipse\jetty\jetty-webapp\9.4.46.v20220331\jetty-webapp-9.4.46.v20220331.jar;C:\Users\beth_\.m2\repository\org\eclipse\jetty\jetty-xml\9.4.46.v20220331\jetty-xml-9.4.46.v20220331.jar;C:\Users\beth_\.m2\repository\org\eclipse\jetty\jetty-proxy\9.4.46.v20220331\jetty-proxy-9.4.46.v20220331.jar;C:\Users\beth_\.m2\repository\org\eclipse\jetty\jetty-client\9.4.46.v20220331\jetty-client-9.4.46.v20220331.jar;C:\Users\beth_\.m2\repository\org\eclipse\jetty\http2\http2-server\9.4.46.v20220331\http2-server-9.4.46.v20220331.jar;C:\Users\beth_\.m2\repository\org\eclipse\jetty\http2\http2-common\9.4.46.v20220331\http2-common-9.4.46.v20220331.jar;C:\Users\beth_\.m2\repository\org\eclipse\jetty\http2\http2-hpack\9.4.46.v20220331\http2-hpack-9.4.46.v20220331.jar;C:\Users\beth_\.m2\repository\org\eclipse\jetty\jetty-alpn-server\9.4.46.v20220331\jetty-alpn-server-9.4.46.v20220331.jar;C:\Users\beth_\.m2\repository\org\eclipse\jetty\jetty-alpn-java-server\9.4.46.v20220331\jetty-alpn-java-server-9.4.46.v20220331.jar;C:\Users\beth_\.m2\repository\org\eclipse\jetty\jetty-alpn-openjdk8-server\9.4.46.v20220331\jetty-alpn-openjdk8-server-9.4.46.v20220331.jar;C:\Users\beth_\.m2\repository\org\eclipse\jetty\jetty-alpn-java-client\9.4.46.v20220331\jetty-alpn-java-client-9.4.46.v20220331.jar;C:\Users\beth_\.m2\repository\org\eclipse\jetty\jetty-alpn-client\9.4.46.v20220331\jetty-alpn-client-9.4.46.v20220331.jar;C:\Users\beth_\.m2\repository\org\eclipse\jetty\jetty-alpn-openjdk8-client\9.4.46.v20220331\jetty-alpn-openjdk8-client-9.4.46.v20220331.jar;C:\Users\beth_\.m2\repository\com\google\guava\guava\31.1-jre\guava-31.1-jre.jar;C:\Users\beth_\.m2\repository\com\google\guava\failureaccess\1.0.1\failureaccess-1.0.1.jar;C:\Users\beth_\.m2\repository\com\google\guava\listenablefuture\9999.0-empty-to-avoid-conflict-with-guava\listenablefuture-9999.0-empty-to-avoid-conflict-with-guava.jar;C:\Users\beth_\.m2\repository\org\checkerframework\checker-qual\3.12.0\checker-qual-3.12.0.jar;C:\Users\beth_\.m2\repository\com\google\errorprone\error_prone_annotations\2.11.0\error_prone_annotations-2.11.0.jar;C:\Users\beth_\.m2\repository\com\google\j2objc\j2objc-annotations\1.3\j2objc-annotations-1.3.jar;C:\Users\beth_\.m2\repository\org\apache\httpcomponents\client5\httpclient5\5.1.3\httpclient5-5.1.3.jar;C:\Users\beth_\.m2\repository\org\apache\httpcomponents\core5\httpcore5\5.1.3\httpcore5-5.1.3.jar;C:\Users\beth_\.m2\repository\org\apache\httpcomponents\core5\httpcore5-h2\5.1.3\httpcore5-h2-5.1.3.jar;C:\Users\beth_\.m2\repository\org\xmlunit\xmlunit-core\2.9.0\xmlunit-core-2.9.0.jar;C:\Users\beth_\.m2\repository\jakarta\xml\bind\jakarta.xml.bind-api\2.3.3\jakarta.xml.bind-api-2.3.3.jar;C:\Users\beth_\.m2\repository\jakarta\activation\jakarta.activation-api\1.2.2\jakarta.activation-api-1.2.2.jar;C:\Users\beth_\.m2\repository\org\xmlunit\xmlunit-legacy\2.9.0\xmlunit-legacy-2.9.0.jar;C:\Users\beth_\.m2\repository\org\xmlunit\xmlunit-placeholders\2.9.0\xmlunit-placeholders-2.9.0.jar;C:\Users\beth_\.m2\repository\net\javacrumbs\json-unit\json-unit-core\2.33.0\json-unit-core-2.33.0.jar;C:\Users\beth_\.m2\repository\org\hamcrest\hamcrest-core\2.2\hamcrest-core-2.2.jar;C:\Users\beth_\.m2\repository\com\jayway\jsonpath\json-path\2.7.0\json-path-2.7.0.jar;C:\Users\beth_\.m2\repository\net\minidev\json-smart\2.4.7\json-smart-2.4.7.jar;C:\Users\beth_\.m2\repository\net\minidev\accessors-smart\2.4.7\accessors-smart-2.4.7.jar;C:\Users\beth_\.m2\repository\org\ow2\asm\asm\9.3\asm-9.3.jar;C:\Users\beth_\.m2\repository\net\sf\jopt-simple\jopt-simple\5.0.4\jopt-simple-5.0.4.jar;C:\Users\beth_\.m2\repository\com\github\jknack\handlebars\4.3.0\handlebars-4.3.0.jar;C:\Users\beth_\.m2\repository\com\github\jknack\handlebars-helpers\4.3.0\handlebars-helpers-4.3.0.jar;C:\Users\beth_\.m2\repository\commons-fileupload\commons-fileupload\1.4\commons-fileupload-1.4.jar;C:\Users\beth_\.m2\repository\commons-io\commons-io\2.11.0\commons-io-2.11.0.jar;C:\Users\beth_\.m2\repository\io\qameta\allure\allure-junit5\2.18.1\allure-junit5-2.18.1.jar;C:\Users\beth_\.m2\repository\io\qameta\allure\allure-junit-platform\2.18.1\allure-junit-platform-2.18.1.jar;C:\Users\beth_\.m2\repository\io\qameta\allure\allure-java-commons\2.18.1\allure-java-commons-2.18.1.jar;C:\Users\beth_\.m2\repository\io\qameta\allure\allure-model\2.18.1\allure-model-2.18.1.jar;C:\Users\beth_\.m2\repository\io\qameta\allure\allure-test-filter\2.18.1\allure-test-filter-2.18.1.jar;C:\Users\beth_\.m2\repository\org\junit\platform\junit-platform-launcher\1.8.2\junit-platform-launcher-1.8.2.jar;C:\Users\beth_\.m2\repository\org\slf4j\slf4j-api\1.7.36\slf4j-api-1.7.36.jar;C:\Users\beth_\.m2\repository\org\slf4j\slf4j-simple\1.7.36\slf4j-simple-1.7.36.jar;"/>
    <property name="allure.results.directory" value="C:\Users\beth_\eclipse-workspace\Challenge\target/allure-results"/>
    <property name="sun.cpu.endian" value="little"/>
    <property name="user.home" value="C:\Users\beth_"/>
    <property name="user.language" value="pt"/>
    <property name="java.specification.vendor" value="Oracle Corporation"/>
    <property name="java.version.date" value="2022-08-18"/>
    <property name="java.home" value="C:\Program Files\Java\jdk-18.0.2.1"/>
    <property name="file.separator" value="\"/>
    <property name="basedir" value="C:\Users\beth_\eclipse-workspace\Challenge"/>
    <property name="java.vm.compressedOopsMode" value="32-bit"/>
    <property name="line.separator" value="&#10;"/>
    <property name="java.vm.specification.vendor" value="Oracle Corporation"/>
    <property name="java.specification.name" value="Java Platform API Specification"/>
    <property name="surefire.real.class.path" value="C:\Users\beth_\AppData\Local\Temp\surefire1825742368006508287\surefirebooter-20221118073202888_3.jar"/>
    <property name="user.script" value=""/>
    <property name="sun.management.compiler" value="HotSpot 64-Bit Tiered Compilers"/>
    <property name="java.runtime.version" value="18.0.2.1+1-1"/>
    <property name="user.name" value="beth_"/>
    <property name="path.separator" value=";"/>
    <property name="os.version" value="10.0"/>
    <property name="java.runtime.name" value="Java(TM) SE Runtime Environment"/>
    <property name="file.encoding" value="UTF-8"/>
    <property name="java.vm.name" value="Java HotSpot(TM) 64-Bit Server VM"/>
    <property name="localRepository" value="C:\Users\beth_\.m2\repository"/>
    <property name="java.vendor.url.bug" value="https://bugreport.java.com/bugreport/"/>
    <property name="java.io.tmpdir" value="C:\Users\beth_\AppData\Local\Temp\"/>
    <property name="java.version" value="18.0.2.1"/>
    <property name="user.dir" value="C:\Users\beth_\eclipse-workspace\Challenge"/>
    <property name="os.arch" value="amd64"/>
    <property name="java.vm.specification.name" value="Java Virtual Machine Specification"/>
    <property name="env" value="prod"/>
    <property name="sun.os.patch.level" value=""/>
    <property name="native.encoding" value="Cp1252"/>
    <property name="java.library.path" value="C:\Program Files\Java\jdk-18.0.2.1\bin;C:\WINDOWS\Sun\Java\bin;C:\WINDOWS\system32;C:\WINDOWS;C:\Program Files (x86)\Razer\ChromaBroadcast\bin;C:\Program Files\Razer\ChromaBroadcast\bin;C:\Program Files\Common Files\Oracle\Java\javapath;C:\Program Files\MongoDB\Server\6.0\bin;C:\WINDOWS\system32;C:\WINDOWS;C:\WINDOWS\System32\Wbem;C:\WINDOWS\System32\WindowsPowerShell\v1.0\;C:\WINDOWS\System32\OpenSSH\;C:\Program Files\Git\cmd;C:\Program Files (x86)\dotnet\;C:\Users\beth_\Downloads\mongodb-database-tools-windows-x86_64-100.6.0\mongodb-database-tools-windows-x86_64-100.6.0\bin;C:\Program Files\nodejs\;C:\Program Files\Java\jdk-18.0.2.1\bin;C:\apache-maven-3.8.6\bin;;C:\Program Files (x86)\NVIDIA Corporation\PhysX\Common;C:\Program Files\NVIDIA Corporation\NVIDIA NvDLISR;C:\WINDOWS\system32\config\systemprofile\AppData\Local\Microsoft\WindowsApps;C:\Program Files\MongoDB\Server\6.0\bin;C:\Users\beth_\AppData\Roaming\npm;C:\Users\beth_\AppData\Local\Programs\Microsoft VS Code\bin;."/>
    <property name="junit.jupiter.extensions.autodetection.enabled" value="true"/>
    <property name="java.vm.info" value="mixed mode, sharing"/>
    <property name="java.vendor" value="Oracle Corporation"/>
    <property name="java.vm.version" value="18.0.2.1+1-1"/>
    <property name="sun.io.unicode.encoding" value="UnicodeLittle"/>
    <property name="java.class.version" value="62.0"/>
  </properties>
  <testcase name="deveRetornarProdutoPorId" classname="produto.ProdutosGetTest" time="2.216">
    <system-out><![CDATA[{
    "message": "Cadastro realizado com sucesso",
    "_id": "sALXy0fg52MaKAKb"
}
HTTP/1.1 201 Created
{
    "message": "Login realizado com sucesso",
    "authorization": "Bearer eyJhbGciOiJIUzI1NiIsInR5cCI6IkpXVCJ9.eyJwYXNzd29yZCI6ImFmamsyNzR0dXlxYnAiLCJlbWFpbCI6InJvYnluLmdheWxvcmRAaG90bWFpbC5jb20iLCJpYXQiOjE2Njg3Njc1NDQsImV4cCI6MTY2ODc2ODE0NH0.eoeLjTwpnbvqAmEoM7ejfnusEGHIWugD-aD1JbvgmZ8"
}
HTTP/1.1 200 OK
Chegou aquii
{
    "message": "Cadastro realizado com sucesso",
    "_id": "Br6kbQBCC5D06L0C"
}
HTTP/1.1 201 Created
Request method:	GET
Request URI:	https://compassuol.serverest.dev/produtos/Br6kbQBCC5D06L0C
Proxy:			<none>
Request params:	<none>
Query params:	<none>
Form params:	<none>
Path params:	<none>
Headers:		Accept=application/json, application/javascript, text/javascript, text/json
Cookies:		<none>
Multiparts:		<none>
Body:			<none>
{
    "nome": "Practical Linen Chair",
    "preco": 6914,
    "descricao": "Aspernatur repellat velit iusto quod.",
    "quantidade": 0,
    "_id": "Br6kbQBCC5D06L0C"
}
HTTP/1.1 200 OK
{
    "message": "Registro excluído com sucesso"
}
HTTP/1.1 200 OK
{
    "message": "Registro excluído com sucesso"
}
HTTP/1.1 200 OK
]]></system-out>
  </testcase>
  <testcase name="deveRetornarListaDeProdutos" classname="produto.ProdutosGetTest" time="2.234">
    <system-out><![CDATA[{
    "message": "Cadastro realizado com sucesso",
    "_id": "iuSpUdBM7K1Ip5e6"
}
HTTP/1.1 201 Created
{
    "message": "Login realizado com sucesso",
    "authorization": "Bearer eyJhbGciOiJIUzI1NiIsInR5cCI6IkpXVCJ9.eyJwYXNzd29yZCI6Imkzazg0cncyYng0c3htIiwiZW1haWwiOiJ3aW5uaWUucHVyZHlAeWFob28uY29tIiwiaWF0IjoxNjY4NzY3NTQ2LCJleHAiOjE2Njg3NjgxNDZ9.TM_qqW0VOj-Yd-dL6fnXiWyOQS-Zg_RCM9nQTgc9x9k"
}
HTTP/1.1 200 OK
Chegou aquii
{
    "message": "Cadastro realizado com sucesso",
    "_id": "tpHClA3FzeQa8FOb"
}
HTTP/1.1 201 Created
Request method:	GET
Request URI:	https://compassuol.serverest.dev/produtos
Proxy:			<none>
Request params:	<none>
Query params:	<none>
Form params:	<none>
Path params:	<none>
Headers:		Accept=application/json, application/javascript, text/javascript, text/json
Cookies:		<none>
Multiparts:		<none>
Body:			<none>
{
    "quantidade": 17,
    "produtos": [
        {
            "nome": "Intelligent Wool Watch",
            "preco": 90,
            "descricao": "Alias corporis deleniti omnis provident sint at voluptas.",
            "quantidade": 3,
            "_id": "0JW0kHQ83gqKIcDP"
        },
        {
            "nome": "Practical Aluminum Bottle",
            "preco": 9346,
            "descricao": "Omnis rerum fuga voluptatibus.",
            "quantidade": 8,
            "_id": "20ypKFi4FsfWeLqY"
        },
        {
            "nome": "Synergistic Granite Coat",
            "preco": 2114,
            "descricao": "Pariatur et est deserunt.",
            "quantidade": 3,
            "_id": "52V6gkdi5NoavVod"
        },
        {
            "nome": "Fantastic Concrete Keyboard",
            "preco": 6270,
            "descricao": "Cumque veniam ad.",
            "quantidade": 9,
            "_id": "82eDnzNyZakhNVIS"
        },
        {
            "nome": "Logitech MX Vertical",
            "preco": 470,
            "descricao": "Mouse",
            "quantidade": 382,
            "_id": "BeeJh5lz3k6kSIzA"
        },
        {
            "nome": "Sleek Paper Bottle",
            "preco": 9843,
            "descricao": "Repellat quo asperiores.",
            "quantidade": 5,
            "_id": "DKrDx70MIw87ncny"
        },
        {
            "nome": "Heavy Duty Plastic Hat",
            "preco": 8739,
            "descricao": "Exercitationem doloremque rerum quis repellat.",
            "quantidade": 5,
            "_id": "FH2yxmFNf5D6dhZx"
        },
        {
            "nome": "Samsung 60 polegadas",
            "preco": 5240,
            "descricao": "TV",
            "quantidade": 49977,
            "_id": "K6leHdftCeOJj8BJ"
        },
        {
            "nome": "Sleek Copper Keyboard",
            "preco": 1128,
            "descricao": "Perferendis voluptatibus porro nesciunt ab tenetur dolores adipisci.",
            "quantidade": 7,
            "_id": "RDK7ig3KC8iO9TWF"
        },
        {
            "nome": "Incredible Silk Coat",
            "preco": 5668,
            "descricao": "Rerum eum et laborum est.",
            "quantidade": 3,
            "_id": "ScZr2HN1MvcCvmSR"
        },
        {
            "nome": "Mediocre Bronze Computer",
            "preco": 1115,
            "descricao": "Commodi fugiat eligendi.",
            "quantidade": 2,
            "_id": "TaTUNerRhusfWyHu"
        },
        {
            "nome": "Enormous Iron Computer",
            "preco": 3801,
            "descricao": "Libero odit illo necessitatibus tenetur voluptas consequatur dolorum.",
            "quantidade": 0,
            "_id": "ZM4rGJ7UiE4lPF3c"
        },
        {
            "nome": "Ergonomic Marble Gloves",
            "preco": 9360,
            "descricao": "Quia exercitationem adipisci consequatur sint debitis.",
            "quantidade": 4,
            "_id": "bbNTnvW7yxcARfpm"
        },
        {
            "nome": "Aerodynamic Silk Coat",
            "preco": 9251,
            "descricao": "Sit ut quae at voluptas quod labore.",
            "quantidade": 6,
            "_id": "jmGYHONs7RfDRpu6"
        },
        {
            "nome": "Awesome Paper Shirt",
            "preco": 892,
            "descricao": "Nam modi eligendi libero et.",
            "quantidade": 9,
            "_id": "lx57byYaHuOcWHtU"
        },
        {
            "nome": "Fantastic Cotton Bench",
            "preco": 6890,
            "descricao": "Suscipit sint recusandae et illo.",
            "quantidade": 5,
            "_id": "rA2EEABpK0x86ez9"
        },
        {
            "nome": "Mediocre Wooden Wallet",
            "preco": 6824,
            "descricao": "Omnis expedita sint est repellat.",
            "quantidade": 6,
            "_id": "tpHClA3FzeQa8FOb"
        }
    ]
}
HTTP/1.1 200 OK
{
    "message": "Registro excluído com sucesso"
}
HTTP/1.1 200 OK
{
    "message": "Registro excluído com sucesso"
}
HTTP/1.1 200 OK
]]></system-out>
  </testcase>
  <testcase name="ListaProdutoNãoExistente" classname="produto.ProdutosGetTest" time="2.24">
    <system-out><![CDATA[{
    "message": "Cadastro realizado com sucesso",
    "_id": "DH6zxgLC9BPj6PkO"
}
HTTP/1.1 201 Created
{
    "message": "Login realizado com sucesso",
    "authorization": "Bearer eyJhbGciOiJIUzI1NiIsInR5cCI6IkpXVCJ9.eyJwYXNzd29yZCI6ImFwcHNkaDdoa25sIiwiZW1haWwiOiJqYW1lLnJvb2JAZ21haWwuY29tIiwiaWF0IjoxNjY4NzY3NTQ5LCJleHAiOjE2Njg3NjgxNDl9.OISZMWRGTkqLbT_-6RiAEfAAHATNAhQaxbn_GlOfK5E"
}
HTTP/1.1 200 OK
Chegou aquii
{
    "message": "Cadastro realizado com sucesso",
    "_id": "rN0t6c3IprP2sR5X"
}
HTTP/1.1 201 Created
Request method:	GET
Request URI:	https://compassuol.serverest.dev/produtos/1668767550277naoexiste
Proxy:			<none>
Request params:	<none>
Query params:	<none>
Form params:	<none>
Path params:	<none>
Headers:		Accept=application/json, application/javascript, text/javascript, text/json
Cookies:		<none>
Multiparts:		<none>
Body:			<none>
{
    "message": "Produto não encontrado"
}
HTTP/1.1 400 Bad Request
{
    "message": "Registro excluído com sucesso"
}
HTTP/1.1 200 OK
{
    "message": "Registro excluído com sucesso"
}
HTTP/1.1 200 OK
]]></system-out>
  </testcase>
</testsuite>